Arguments: 
  C:\Program Files\nodejs\node.exe C:\Users\yasmin.ferreira_warr\AppData\Roaming\npm\node_modules\yarn\bin\yarn.js add express

PATH: 
  C:\Windows\system32;C:\Windows;C:\Windows\System32\Wbem;C:\Windows\System32\WindowsPowerShell\v1.0\;C:\Windows\System32\OpenSSH\;C:\Program Files\Git\cmd;C:\Program Files\nodejs\;C:\Users\yasmin.ferreira_warr\AppData\Local\Microsoft\WindowsApps;C:\Users\yasmin.ferreira_warr\AppData\Local\Programs\Microsoft VS Code\bin;C:\Users\yasmin.ferreira_warr\AppData\Roaming\npm;C:\Users\yasmin.ferreira_warr\AppData\Local\GitHubDesktop\bin

Yarn version: 
  1.22.18

Node version: 
  16.14.2

Platform: 
  win32 x64

Trace: 
  Error: self signed certificate in certificate chain
      at TLSSocket.onConnectSecure (node:_tls_wrap:1530:34)
      at TLSSocket.emit (node:events:526:28)
      at TLSSocket._finishInit (node:_tls_wrap:944:8)
      at TLSWrap.ssl.onhandshakedone (node:_tls_wrap:725:12)

npm manifest: 
  {
    "name": "desafio-everest",
    "version": "1.0.0",
    "scripts": {
      "start": "nodemon ./src/index.js"
    },
    "main": "index.js",
    "author": "Junior Alves <junior.alves@warren.com.br>",
    "license": "MIT",
    "dependencies": {
      "express": "^4.18.1",
      "nodemon": "^2.0.16",
      "nvs": "^0.5.0"
    }
  }

yarn manifest: 
  No manifest

Lockfile: 
  No lockfile
